<?xml version="1.0" encoding="UTF-8"?>
<robot generator="Robot 7.3.2 (Python 3.13.7 on win32)" generated="2025-09-05T13:10:17.944881" rpa="false" schemaversion="5">
<suite id="s1" name="Tests" source="C:\Robot\robot-browser-demo\tests">
<suite id="s1-s1" name="Test" source="C:\Robot\robot-browser-demo\tests\test.robot">
<test id="s1-s1-t1" name="Example Test" line="5">
<kw name="Go To Google Search Page" owner="google_search_page">
<kw name="New Page" owner="Browser">
<msg time="2025-09-05T13:10:18.917060" level="FAIL">
#############################################################
#                                                           #
#  RF-Browser dependencies not found in installation path!  #
#           Run `rfbrowser init` to install.                #
#                                                           #
#############################################################
Installation path: C:\Robot\venv\Lib\site-packages\Browser\wrapper</msg>
<arg>${SEARCH_URL}</arg>
<tag>BrowserControl</tag>
<tag>Setter</tag>
<doc>Open a new Page.</doc>
<status status="FAIL" start="2025-09-05T13:10:18.879156" elapsed="0.041996">
#############################################################
#                                                           #
#  RF-Browser dependencies not found in installation path!  #
#           Run `rfbrowser init` to install.                #
#                                                           #
#############################################################
Installation path: C:\Robot\venv\Lib\site-packages\Browser\wrapper</status>
</kw>
<status status="FAIL" start="2025-09-05T13:10:18.878232" elapsed="0.043171">
#############################################################
#                                                           #
#  RF-Browser dependencies not found in installation path!  #
#           Run `rfbrowser init` to install.                #
#                                                           #
#############################################################
Installation path: C:\Robot\venv\Lib\site-packages\Browser\wrapper</status>
</kw>
<kw name="Verify Page Title" owner="google_search_page">
<status status="NOT RUN" start="2025-09-05T13:10:18.921783" elapsed="0.000198"/>
</kw>
<status status="FAIL" start="2025-09-05T13:10:18.877431" elapsed="0.044832">
#############################################################
#                                                           #
#  RF-Browser dependencies not found in installation path!  #
#           Run `rfbrowser init` to install.                #
#                                                           #
#############################################################
Installation path: C:\Robot\venv\Lib\site-packages\Browser\wrapper</status>
</test>
<status status="FAIL" start="2025-09-05T13:10:17.982093" elapsed="0.984566"/>
</suite>
<status status="FAIL" start="2025-09-05T13:10:17.946756" elapsed="1.062070"/>
</suite>
<statistics>
<total>
<stat pass="0" fail="1" skip="0">All Tests</stat>
</total>
<tag>
</tag>
<suite>
<stat name="Tests" id="s1" pass="0" fail="1" skip="0">Tests</stat>
<stat name="Test" id="s1-s1" pass="0" fail="1" skip="0">Tests.Test</stat>
</suite>
</statistics>
<errors>
<msg time="2025-09-05T13:10:18.958855" level="ERROR">Calling method '_end_test' of listener 'Browser' failed: 
#############################################################
#                                                           #
#  RF-Browser dependencies not found in installation path!  #
#           Run `rfbrowser init` to install.                #
#                                                           #
#############################################################
Installation path: C:\Robot\venv\Lib\site-packages\Browser\wrapper</msg>
<msg time="2025-09-05T13:10:19.007396" level="ERROR">Calling method '_end_suite' of listener 'Browser' failed: 
#############################################################
#                                                           #
#  RF-Browser dependencies not found in installation path!  #
#           Run `rfbrowser init` to install.                #
#                                                           #
#############################################################
Installation path: C:\Robot\venv\Lib\site-packages\Browser\wrapper</msg>
</errors>
</robot>
